{"level":"info","message":"Server is running on port 3000","service":"notepad-app","timestamp":"2025-05-18 17:42:21"}
{"code":"ECONNREFUSED","fatal":true,"level":"error","message":"Error connecting to MySQL:","service":"notepad-app","stack":"AggregateError [ECONNREFUSED]: \n    at internalConnectMultiple (node:net:1122:18)\n    at afterConnectMultiple (node:net:1689:7)","timestamp":"2025-05-18 17:42:21"}
{"level":"info","message":"Server is running on port 3000","service":"notepad-app","timestamp":"2025-05-18 17:49:40"}
{"code":"ER_BAD_DB_ERROR","errno":1049,"level":"error","message":"Error connecting to MySQL: Unknown database 'notepad_db'","service":"notepad-app","sqlMessage":"Unknown database 'notepad_db'","sqlState":"42000","stack":"Error: Unknown database 'notepad_db'\n    at Packet.asError (C:\\Users\\Asif\\Desktop\\edtho\\node_modules\\mysql2\\lib\\packets\\packet.js:740:17)\n    at ClientHandshake.execute (C:\\Users\\Asif\\Desktop\\edtho\\node_modules\\mysql2\\lib\\commands\\command.js:29:26)\n    at Connection.handlePacket (C:\\Users\\Asif\\Desktop\\edtho\\node_modules\\mysql2\\lib\\base\\connection.js:475:34)\n    at PacketParser.onPacket (C:\\Users\\Asif\\Desktop\\edtho\\node_modules\\mysql2\\lib\\base\\connection.js:93:12)\n    at PacketParser.executeStart (C:\\Users\\Asif\\Desktop\\edtho\\node_modules\\mysql2\\lib\\packet_parser.js:75:16)\n    at Socket.<anonymous> (C:\\Users\\Asif\\Desktop\\edtho\\node_modules\\mysql2\\lib\\base\\connection.js:100:25)\n    at Socket.emit (node:events:518:28)\n    at addChunk (node:internal/streams/readable:561:12)\n    at readableAddChunkPushByteMode (node:internal/streams/readable:512:3)\n    at Readable.push (node:internal/streams/readable:392:5)","timestamp":"2025-05-18 17:49:40"}
{"level":"info","message":"Server is running on port 3000","service":"notepad-app","timestamp":"2025-05-18 17:58:39"}
{"level":"info","message":"Connected to MySQL database","service":"notepad-app","timestamp":"2025-05-18 17:58:39"}
{"level":"info","message":"Notes table ready","service":"notepad-app","timestamp":"2025-05-18 17:58:39"}
{"level":"info","message":"Server is running on port 6000","service":"notepad-app","timestamp":"2025-05-18 18:05:36"}
{"level":"info","message":"Connected to MySQL database","service":"notepad-app","timestamp":"2025-05-18 18:05:36"}
{"level":"info","message":"Notes table ready","service":"notepad-app","timestamp":"2025-05-18 18:05:36"}
{"level":"info","message":"Server is running on port 6000","service":"notepad-app","timestamp":"2025-05-18 18:07:12"}
{"level":"info","message":"Connected to MySQL database","service":"notepad-app","timestamp":"2025-05-18 18:07:12"}
{"level":"info","message":"Notes table ready","service":"notepad-app","timestamp":"2025-05-18 18:07:12"}
{"level":"info","message":"Server is running on port 3000","service":"notepad-app","timestamp":"2025-05-18 18:07:46"}
{"level":"info","message":"Connected to MySQL database","service":"notepad-app","timestamp":"2025-05-18 18:07:46"}
{"level":"info","message":"Notes table ready","service":"notepad-app","timestamp":"2025-05-18 18:07:46"}
{"level":"info","message":"Server is running on port 3006","service":"notepad-app","timestamp":"2025-05-18 18:08:20"}
{"level":"info","message":"Connected to MySQL database","service":"notepad-app","timestamp":"2025-05-18 18:08:20"}
{"level":"info","message":"Notes table ready","service":"notepad-app","timestamp":"2025-05-18 18:08:20"}
{"level":"info","message":"Server is running on port 3006","service":"notepad-app","timestamp":"2025-05-18 18:16:19"}
{"level":"info","message":"Connected to MySQL database","service":"notepad-app","timestamp":"2025-05-18 18:16:19"}
{"level":"info","message":"Notes table ready","service":"notepad-app","timestamp":"2025-05-18 18:16:19"}
{"level":"info","message":"Server is running on port 3006","service":"notepad-app","timestamp":"2025-05-18 18:19:06"}
{"level":"info","message":"Connected to MySQL database","service":"notepad-app","timestamp":"2025-05-18 18:19:06"}
{"level":"info","message":"Notes table ready","service":"notepad-app","timestamp":"2025-05-18 18:19:06"}
{"level":"info","message":"Server is running on port 3006","service":"notepad-app","timestamp":"2025-05-18 18:33:05"}
{"level":"info","message":"Connected to MySQL database","service":"notepad-app","timestamp":"2025-05-18 18:33:06"}
{"level":"info","message":"Notes table ready","service":"notepad-app","timestamp":"2025-05-18 18:33:06"}
{"level":"info","message":"Server is running on port 3006","service":"notepad-app","timestamp":"2025-05-18 18:48:27"}
{"level":"info","message":"Connected to MySQL database","service":"notepad-app","timestamp":"2025-05-18 18:48:27"}
{"level":"info","message":"Notes table ready","service":"notepad-app","timestamp":"2025-05-18 18:48:27"}
{"level":"info","message":"Server is running on port 3006","service":"notepad-app","timestamp":"2025-05-18 19:02:02"}
{"level":"info","message":"Connected to MySQL database","service":"notepad-app","timestamp":"2025-05-18 19:02:02"}
{"level":"info","message":"Notes table ready","service":"notepad-app","timestamp":"2025-05-18 19:02:02"}
{"level":"info","message":"Server is running on port 3006","service":"notepad-app","timestamp":"2025-05-18 19:02:15"}
{"level":"info","message":"Connected to MySQL database","service":"notepad-app","timestamp":"2025-05-18 19:02:15"}
{"level":"info","message":"Notes table ready","service":"notepad-app","timestamp":"2025-05-18 19:02:15"}
{"level":"info","message":"Server is running on port 3006","service":"notepad-app","timestamp":"2025-05-18 19:04:52"}
{"level":"info","message":"Connected to MySQL database","service":"notepad-app","timestamp":"2025-05-18 19:04:52"}
{"level":"info","message":"Notes table ready","service":"notepad-app","timestamp":"2025-05-18 19:04:52"}
{"level":"info","message":"Server is running on port 3006","service":"notepad-app","timestamp":"2025-05-18 19:47:42"}
{"level":"info","message":"Connected to MySQL database","service":"notepad-app","timestamp":"2025-05-18 19:47:42"}
{"level":"info","message":"Notes table ready","service":"notepad-app","timestamp":"2025-05-18 19:47:42"}
{"level":"info","message":"Server is running on port 3006","service":"notepad-app","timestamp":"2025-05-18 19:51:57"}
{"level":"info","message":"Connected to MySQL database","service":"notepad-app","timestamp":"2025-05-18 19:51:57"}
{"level":"info","message":"Notes table ready","service":"notepad-app","timestamp":"2025-05-18 19:51:57"}
{"level":"info","message":"Server is running on port 3006","service":"notepad-app","timestamp":"2025-05-18 19:52:55"}
{"level":"info","message":"Connected to MySQL database","service":"notepad-app","timestamp":"2025-05-18 19:52:55"}
{"level":"info","message":"Notes table ready","service":"notepad-app","timestamp":"2025-05-18 19:52:55"}
{"level":"info","message":"Server is running on port 3006","service":"notepad-app","timestamp":"2025-05-18 19:53:50"}
{"level":"info","message":"Connected to MySQL database","service":"notepad-app","timestamp":"2025-05-18 19:53:50"}
{"level":"info","message":"Notes table ready","service":"notepad-app","timestamp":"2025-05-18 19:53:50"}
{"level":"info","message":"Server is running on port 3006","service":"notepad-app","timestamp":"2025-05-18 19:57:43"}
{"level":"info","message":"Connected to MySQL database","service":"notepad-app","timestamp":"2025-05-18 19:57:43"}
{"level":"info","message":"Notes table ready","service":"notepad-app","timestamp":"2025-05-18 19:57:43"}
{"level":"info","message":"Server is running on port 3006","service":"notepad-app","timestamp":"2025-05-18 20:02:53"}
{"level":"info","message":"Connected to MySQL database","service":"notepad-app","timestamp":"2025-05-18 20:02:53"}
{"level":"info","message":"Notes table ready","service":"notepad-app","timestamp":"2025-05-18 20:02:53"}
{"level":"info","message":"Server is running on port 3006","service":"notepad-app","timestamp":"2025-05-18 20:09:47"}
{"level":"info","message":"Connected to MySQL database","service":"notepad-app","timestamp":"2025-05-18 20:09:47"}
{"level":"info","message":"Notes table ready","service":"notepad-app","timestamp":"2025-05-18 20:09:47"}
{"level":"info","message":"Server is running on port 3006","service":"notepad-app","timestamp":"2025-05-18 20:18:32"}
{"level":"info","message":"Connected to MySQL database","service":"notepad-app","timestamp":"2025-05-18 20:18:32"}
{"level":"info","message":"Notes table ready","service":"notepad-app","timestamp":"2025-05-18 20:18:32"}
{"level":"info","message":"Server is running on port 3006","service":"notepad-app","timestamp":"2025-05-18 20:22:46"}
{"level":"info","message":"Connected to MySQL database","service":"notepad-app","timestamp":"2025-05-18 20:22:46"}
{"level":"info","message":"Notes table ready","service":"notepad-app","timestamp":"2025-05-18 20:22:46"}
{"level":"info","message":"Server is running on port 3006","service":"notepad-app","timestamp":"2025-05-18 20:24:07"}
{"level":"info","message":"Connected to MySQL database","service":"notepad-app","timestamp":"2025-05-18 20:24:07"}
{"level":"info","message":"Notes table ready","service":"notepad-app","timestamp":"2025-05-18 20:24:07"}
{"level":"info","message":"Server is running on port 3006","service":"notepad-app","timestamp":"2025-05-18 20:26:54"}
{"level":"info","message":"Connected to MySQL database","service":"notepad-app","timestamp":"2025-05-18 20:26:54"}
{"level":"info","message":"Notes table ready","service":"notepad-app","timestamp":"2025-05-18 20:26:54"}
{"level":"info","message":"Server is running on port 3006","service":"notepad-app","timestamp":"2025-05-18 20:28:09"}
{"level":"info","message":"Connected to MySQL database","service":"notepad-app","timestamp":"2025-05-18 20:28:09"}
{"level":"info","message":"Notes table ready","service":"notepad-app","timestamp":"2025-05-18 20:28:09"}
{"level":"info","message":"Server is running on port 3006","service":"notepad-app","timestamp":"2025-05-18 20:30:55"}
{"level":"info","message":"Connected to MySQL database","service":"notepad-app","timestamp":"2025-05-18 20:30:55"}
{"level":"info","message":"Notes table ready","service":"notepad-app","timestamp":"2025-05-18 20:30:55"}
{"level":"error","message":"PayloadTooLargeError: request entity too large\n    at readStream (C:\\Users\\Asif\\Desktop\\edtho\\node_modules\\raw-body\\index.js:163:17)\n    at getRawBody (C:\\Users\\Asif\\Desktop\\edtho\\node_modules\\raw-body\\index.js:116:12)\n    at read (C:\\Users\\Asif\\Desktop\\edtho\\node_modules\\body-parser\\lib\\read.js:79:3)\n    at jsonParser (C:\\Users\\Asif\\Desktop\\edtho\\node_modules\\body-parser\\lib\\types\\json.js:138:5)\n    at Layer.handle [as handle_request] (C:\\Users\\Asif\\Desktop\\edtho\\node_modules\\express\\lib\\router\\layer.js:95:5)\n    at trim_prefix (C:\\Users\\Asif\\Desktop\\edtho\\node_modules\\express\\lib\\router\\index.js:328:13)\n    at C:\\Users\\Asif\\Desktop\\edtho\\node_modules\\express\\lib\\router\\index.js:286:9\n    at Function.process_params (C:\\Users\\Asif\\Desktop\\edtho\\node_modules\\express\\lib\\router\\index.js:346:12)\n    at next (C:\\Users\\Asif\\Desktop\\edtho\\node_modules\\express\\lib\\router\\index.js:280:10)\n    at cors (C:\\Users\\Asif\\Desktop\\edtho\\node_modules\\cors\\lib\\index.js:188:7)","service":"notepad-app","timestamp":"2025-05-18 20:32:36"}
{"level":"error","message":"PayloadTooLargeError: request entity too large\n    at readStream (C:\\Users\\Asif\\Desktop\\edtho\\node_modules\\raw-body\\index.js:163:17)\n    at getRawBody (C:\\Users\\Asif\\Desktop\\edtho\\node_modules\\raw-body\\index.js:116:12)\n    at read (C:\\Users\\Asif\\Desktop\\edtho\\node_modules\\body-parser\\lib\\read.js:79:3)\n    at jsonParser (C:\\Users\\Asif\\Desktop\\edtho\\node_modules\\body-parser\\lib\\types\\json.js:138:5)\n    at Layer.handle [as handle_request] (C:\\Users\\Asif\\Desktop\\edtho\\node_modules\\express\\lib\\router\\layer.js:95:5)\n    at trim_prefix (C:\\Users\\Asif\\Desktop\\edtho\\node_modules\\express\\lib\\router\\index.js:328:13)\n    at C:\\Users\\Asif\\Desktop\\edtho\\node_modules\\express\\lib\\router\\index.js:286:9\n    at Function.process_params (C:\\Users\\Asif\\Desktop\\edtho\\node_modules\\express\\lib\\router\\index.js:346:12)\n    at next (C:\\Users\\Asif\\Desktop\\edtho\\node_modules\\express\\lib\\router\\index.js:280:10)\n    at cors (C:\\Users\\Asif\\Desktop\\edtho\\node_modules\\cors\\lib\\index.js:188:7)","service":"notepad-app","timestamp":"2025-05-18 20:32:41"}
{"level":"error","message":"PayloadTooLargeError: request entity too large\n    at readStream (C:\\Users\\Asif\\Desktop\\edtho\\node_modules\\raw-body\\index.js:163:17)\n    at getRawBody (C:\\Users\\Asif\\Desktop\\edtho\\node_modules\\raw-body\\index.js:116:12)\n    at read (C:\\Users\\Asif\\Desktop\\edtho\\node_modules\\body-parser\\lib\\read.js:79:3)\n    at jsonParser (C:\\Users\\Asif\\Desktop\\edtho\\node_modules\\body-parser\\lib\\types\\json.js:138:5)\n    at Layer.handle [as handle_request] (C:\\Users\\Asif\\Desktop\\edtho\\node_modules\\express\\lib\\router\\layer.js:95:5)\n    at trim_prefix (C:\\Users\\Asif\\Desktop\\edtho\\node_modules\\express\\lib\\router\\index.js:328:13)\n    at C:\\Users\\Asif\\Desktop\\edtho\\node_modules\\express\\lib\\router\\index.js:286:9\n    at Function.process_params (C:\\Users\\Asif\\Desktop\\edtho\\node_modules\\express\\lib\\router\\index.js:346:12)\n    at next (C:\\Users\\Asif\\Desktop\\edtho\\node_modules\\express\\lib\\router\\index.js:280:10)\n    at cors (C:\\Users\\Asif\\Desktop\\edtho\\node_modules\\cors\\lib\\index.js:188:7)","service":"notepad-app","timestamp":"2025-05-18 20:32:48"}
{"level":"error","message":"PayloadTooLargeError: request entity too large\n    at readStream (C:\\Users\\Asif\\Desktop\\edtho\\node_modules\\raw-body\\index.js:163:17)\n    at getRawBody (C:\\Users\\Asif\\Desktop\\edtho\\node_modules\\raw-body\\index.js:116:12)\n    at read (C:\\Users\\Asif\\Desktop\\edtho\\node_modules\\body-parser\\lib\\read.js:79:3)\n    at jsonParser (C:\\Users\\Asif\\Desktop\\edtho\\node_modules\\body-parser\\lib\\types\\json.js:138:5)\n    at Layer.handle [as handle_request] (C:\\Users\\Asif\\Desktop\\edtho\\node_modules\\express\\lib\\router\\layer.js:95:5)\n    at trim_prefix (C:\\Users\\Asif\\Desktop\\edtho\\node_modules\\express\\lib\\router\\index.js:328:13)\n    at C:\\Users\\Asif\\Desktop\\edtho\\node_modules\\express\\lib\\router\\index.js:286:9\n    at Function.process_params (C:\\Users\\Asif\\Desktop\\edtho\\node_modules\\express\\lib\\router\\index.js:346:12)\n    at next (C:\\Users\\Asif\\Desktop\\edtho\\node_modules\\express\\lib\\router\\index.js:280:10)\n    at cors (C:\\Users\\Asif\\Desktop\\edtho\\node_modules\\cors\\lib\\index.js:188:7)","service":"notepad-app","timestamp":"2025-05-18 20:32:53"}
{"level":"error","message":"PayloadTooLargeError: request entity too large\n    at readStream (C:\\Users\\Asif\\Desktop\\edtho\\node_modules\\raw-body\\index.js:163:17)\n    at getRawBody (C:\\Users\\Asif\\Desktop\\edtho\\node_modules\\raw-body\\index.js:116:12)\n    at read (C:\\Users\\Asif\\Desktop\\edtho\\node_modules\\body-parser\\lib\\read.js:79:3)\n    at jsonParser (C:\\Users\\Asif\\Desktop\\edtho\\node_modules\\body-parser\\lib\\types\\json.js:138:5)\n    at Layer.handle [as handle_request] (C:\\Users\\Asif\\Desktop\\edtho\\node_modules\\express\\lib\\router\\layer.js:95:5)\n    at trim_prefix (C:\\Users\\Asif\\Desktop\\edtho\\node_modules\\express\\lib\\router\\index.js:328:13)\n    at C:\\Users\\Asif\\Desktop\\edtho\\node_modules\\express\\lib\\router\\index.js:286:9\n    at Function.process_params (C:\\Users\\Asif\\Desktop\\edtho\\node_modules\\express\\lib\\router\\index.js:346:12)\n    at next (C:\\Users\\Asif\\Desktop\\edtho\\node_modules\\express\\lib\\router\\index.js:280:10)\n    at cors (C:\\Users\\Asif\\Desktop\\edtho\\node_modules\\cors\\lib\\index.js:188:7)","service":"notepad-app","timestamp":"2025-05-18 20:32:58"}
{"level":"error","message":"PayloadTooLargeError: request entity too large\n    at readStream (C:\\Users\\Asif\\Desktop\\edtho\\node_modules\\raw-body\\index.js:163:17)\n    at getRawBody (C:\\Users\\Asif\\Desktop\\edtho\\node_modules\\raw-body\\index.js:116:12)\n    at read (C:\\Users\\Asif\\Desktop\\edtho\\node_modules\\body-parser\\lib\\read.js:79:3)\n    at jsonParser (C:\\Users\\Asif\\Desktop\\edtho\\node_modules\\body-parser\\lib\\types\\json.js:138:5)\n    at Layer.handle [as handle_request] (C:\\Users\\Asif\\Desktop\\edtho\\node_modules\\express\\lib\\router\\layer.js:95:5)\n    at trim_prefix (C:\\Users\\Asif\\Desktop\\edtho\\node_modules\\express\\lib\\router\\index.js:328:13)\n    at C:\\Users\\Asif\\Desktop\\edtho\\node_modules\\express\\lib\\router\\index.js:286:9\n    at Function.process_params (C:\\Users\\Asif\\Desktop\\edtho\\node_modules\\express\\lib\\router\\index.js:346:12)\n    at next (C:\\Users\\Asif\\Desktop\\edtho\\node_modules\\express\\lib\\router\\index.js:280:10)\n    at cors (C:\\Users\\Asif\\Desktop\\edtho\\node_modules\\cors\\lib\\index.js:188:7)","service":"notepad-app","timestamp":"2025-05-18 20:33:33"}
{"level":"error","message":"PayloadTooLargeError: request entity too large\n    at readStream (C:\\Users\\Asif\\Desktop\\edtho\\node_modules\\raw-body\\index.js:163:17)\n    at getRawBody (C:\\Users\\Asif\\Desktop\\edtho\\node_modules\\raw-body\\index.js:116:12)\n    at read (C:\\Users\\Asif\\Desktop\\edtho\\node_modules\\body-parser\\lib\\read.js:79:3)\n    at jsonParser (C:\\Users\\Asif\\Desktop\\edtho\\node_modules\\body-parser\\lib\\types\\json.js:138:5)\n    at Layer.handle [as handle_request] (C:\\Users\\Asif\\Desktop\\edtho\\node_modules\\express\\lib\\router\\layer.js:95:5)\n    at trim_prefix (C:\\Users\\Asif\\Desktop\\edtho\\node_modules\\express\\lib\\router\\index.js:328:13)\n    at C:\\Users\\Asif\\Desktop\\edtho\\node_modules\\express\\lib\\router\\index.js:286:9\n    at Function.process_params (C:\\Users\\Asif\\Desktop\\edtho\\node_modules\\express\\lib\\router\\index.js:346:12)\n    at next (C:\\Users\\Asif\\Desktop\\edtho\\node_modules\\express\\lib\\router\\index.js:280:10)\n    at cors (C:\\Users\\Asif\\Desktop\\edtho\\node_modules\\cors\\lib\\index.js:188:7)","service":"notepad-app","timestamp":"2025-05-18 20:33:43"}
{"level":"error","message":"PayloadTooLargeError: request entity too large\n    at readStream (C:\\Users\\Asif\\Desktop\\edtho\\node_modules\\raw-body\\index.js:163:17)\n    at getRawBody (C:\\Users\\Asif\\Desktop\\edtho\\node_modules\\raw-body\\index.js:116:12)\n    at read (C:\\Users\\Asif\\Desktop\\edtho\\node_modules\\body-parser\\lib\\read.js:79:3)\n    at jsonParser (C:\\Users\\Asif\\Desktop\\edtho\\node_modules\\body-parser\\lib\\types\\json.js:138:5)\n    at Layer.handle [as handle_request] (C:\\Users\\Asif\\Desktop\\edtho\\node_modules\\express\\lib\\router\\layer.js:95:5)\n    at trim_prefix (C:\\Users\\Asif\\Desktop\\edtho\\node_modules\\express\\lib\\router\\index.js:328:13)\n    at C:\\Users\\Asif\\Desktop\\edtho\\node_modules\\express\\lib\\router\\index.js:286:9\n    at Function.process_params (C:\\Users\\Asif\\Desktop\\edtho\\node_modules\\express\\lib\\router\\index.js:346:12)\n    at next (C:\\Users\\Asif\\Desktop\\edtho\\node_modules\\express\\lib\\router\\index.js:280:10)\n    at cors (C:\\Users\\Asif\\Desktop\\edtho\\node_modules\\cors\\lib\\index.js:188:7)","service":"notepad-app","timestamp":"2025-05-18 20:35:16"}
{"level":"info","message":"Server is running on port 3006","service":"notepad-app","timestamp":"2025-05-18 20:35:25"}
{"level":"info","message":"Connected to MySQL database","service":"notepad-app","timestamp":"2025-05-18 20:35:25"}
{"level":"info","message":"Notes table ready","service":"notepad-app","timestamp":"2025-05-18 20:35:25"}
{"level":"error","message":"PayloadTooLargeError: request entity too large\n    at readStream (C:\\Users\\Asif\\Desktop\\edtho\\node_modules\\raw-body\\index.js:163:17)\n    at getRawBody (C:\\Users\\Asif\\Desktop\\edtho\\node_modules\\raw-body\\index.js:116:12)\n    at read (C:\\Users\\Asif\\Desktop\\edtho\\node_modules\\body-parser\\lib\\read.js:79:3)\n    at jsonParser (C:\\Users\\Asif\\Desktop\\edtho\\node_modules\\body-parser\\lib\\types\\json.js:138:5)\n    at Layer.handle [as handle_request] (C:\\Users\\Asif\\Desktop\\edtho\\node_modules\\express\\lib\\router\\layer.js:95:5)\n    at trim_prefix (C:\\Users\\Asif\\Desktop\\edtho\\node_modules\\express\\lib\\router\\index.js:328:13)\n    at C:\\Users\\Asif\\Desktop\\edtho\\node_modules\\express\\lib\\router\\index.js:286:9\n    at Function.process_params (C:\\Users\\Asif\\Desktop\\edtho\\node_modules\\express\\lib\\router\\index.js:346:12)\n    at next (C:\\Users\\Asif\\Desktop\\edtho\\node_modules\\express\\lib\\router\\index.js:280:10)\n    at cors (C:\\Users\\Asif\\Desktop\\edtho\\node_modules\\cors\\lib\\index.js:188:7)","service":"notepad-app","timestamp":"2025-05-18 20:35:30"}
{"level":"info","message":"Server is running on port 3006","service":"notepad-app","timestamp":"2025-05-18 20:37:52"}
{"level":"info","message":"Connected to MySQL database","service":"notepad-app","timestamp":"2025-05-18 20:37:52"}
{"level":"info","message":"Notes table ready","service":"notepad-app","timestamp":"2025-05-18 20:37:52"}
{"level":"error","message":"PayloadTooLargeError: request entity too large\n    at readStream (C:\\Users\\Asif\\Desktop\\edtho\\node_modules\\raw-body\\index.js:163:17)\n    at getRawBody (C:\\Users\\Asif\\Desktop\\edtho\\node_modules\\raw-body\\index.js:116:12)\n    at read (C:\\Users\\Asif\\Desktop\\edtho\\node_modules\\body-parser\\lib\\read.js:79:3)\n    at jsonParser (C:\\Users\\Asif\\Desktop\\edtho\\node_modules\\body-parser\\lib\\types\\json.js:138:5)\n    at Layer.handle [as handle_request] (C:\\Users\\Asif\\Desktop\\edtho\\node_modules\\express\\lib\\router\\layer.js:95:5)\n    at trim_prefix (C:\\Users\\Asif\\Desktop\\edtho\\node_modules\\express\\lib\\router\\index.js:328:13)\n    at C:\\Users\\Asif\\Desktop\\edtho\\node_modules\\express\\lib\\router\\index.js:286:9\n    at Function.process_params (C:\\Users\\Asif\\Desktop\\edtho\\node_modules\\express\\lib\\router\\index.js:346:12)\n    at next (C:\\Users\\Asif\\Desktop\\edtho\\node_modules\\express\\lib\\router\\index.js:280:10)\n    at cors (C:\\Users\\Asif\\Desktop\\edtho\\node_modules\\cors\\lib\\index.js:188:7)","service":"notepad-app","timestamp":"2025-05-18 20:38:41"}
{"level":"error","message":"PayloadTooLargeError: request entity too large\n    at readStream (C:\\Users\\Asif\\Desktop\\edtho\\node_modules\\raw-body\\index.js:163:17)\n    at getRawBody (C:\\Users\\Asif\\Desktop\\edtho\\node_modules\\raw-body\\index.js:116:12)\n    at read (C:\\Users\\Asif\\Desktop\\edtho\\node_modules\\body-parser\\lib\\read.js:79:3)\n    at jsonParser (C:\\Users\\Asif\\Desktop\\edtho\\node_modules\\body-parser\\lib\\types\\json.js:138:5)\n    at Layer.handle [as handle_request] (C:\\Users\\Asif\\Desktop\\edtho\\node_modules\\express\\lib\\router\\layer.js:95:5)\n    at trim_prefix (C:\\Users\\Asif\\Desktop\\edtho\\node_modules\\express\\lib\\router\\index.js:328:13)\n    at C:\\Users\\Asif\\Desktop\\edtho\\node_modules\\express\\lib\\router\\index.js:286:9\n    at Function.process_params (C:\\Users\\Asif\\Desktop\\edtho\\node_modules\\express\\lib\\router\\index.js:346:12)\n    at next (C:\\Users\\Asif\\Desktop\\edtho\\node_modules\\express\\lib\\router\\index.js:280:10)\n    at cors (C:\\Users\\Asif\\Desktop\\edtho\\node_modules\\cors\\lib\\index.js:188:7)","service":"notepad-app","timestamp":"2025-05-18 20:38:48"}
{"level":"error","message":"PayloadTooLargeError: request entity too large\n    at readStream (C:\\Users\\Asif\\Desktop\\edtho\\node_modules\\raw-body\\index.js:163:17)\n    at getRawBody (C:\\Users\\Asif\\Desktop\\edtho\\node_modules\\raw-body\\index.js:116:12)\n    at read (C:\\Users\\Asif\\Desktop\\edtho\\node_modules\\body-parser\\lib\\read.js:79:3)\n    at jsonParser (C:\\Users\\Asif\\Desktop\\edtho\\node_modules\\body-parser\\lib\\types\\json.js:138:5)\n    at Layer.handle [as handle_request] (C:\\Users\\Asif\\Desktop\\edtho\\node_modules\\express\\lib\\router\\layer.js:95:5)\n    at trim_prefix (C:\\Users\\Asif\\Desktop\\edtho\\node_modules\\express\\lib\\router\\index.js:328:13)\n    at C:\\Users\\Asif\\Desktop\\edtho\\node_modules\\express\\lib\\router\\index.js:286:9\n    at Function.process_params (C:\\Users\\Asif\\Desktop\\edtho\\node_modules\\express\\lib\\router\\index.js:346:12)\n    at next (C:\\Users\\Asif\\Desktop\\edtho\\node_modules\\express\\lib\\router\\index.js:280:10)\n    at cors (C:\\Users\\Asif\\Desktop\\edtho\\node_modules\\cors\\lib\\index.js:188:7)","service":"notepad-app","timestamp":"2025-05-18 20:38:53"}
{"level":"error","message":"PayloadTooLargeError: request entity too large\n    at readStream (C:\\Users\\Asif\\Desktop\\edtho\\node_modules\\raw-body\\index.js:163:17)\n    at getRawBody (C:\\Users\\Asif\\Desktop\\edtho\\node_modules\\raw-body\\index.js:116:12)\n    at read (C:\\Users\\Asif\\Desktop\\edtho\\node_modules\\body-parser\\lib\\read.js:79:3)\n    at jsonParser (C:\\Users\\Asif\\Desktop\\edtho\\node_modules\\body-parser\\lib\\types\\json.js:138:5)\n    at Layer.handle [as handle_request] (C:\\Users\\Asif\\Desktop\\edtho\\node_modules\\express\\lib\\router\\layer.js:95:5)\n    at trim_prefix (C:\\Users\\Asif\\Desktop\\edtho\\node_modules\\express\\lib\\router\\index.js:328:13)\n    at C:\\Users\\Asif\\Desktop\\edtho\\node_modules\\express\\lib\\router\\index.js:286:9\n    at Function.process_params (C:\\Users\\Asif\\Desktop\\edtho\\node_modules\\express\\lib\\router\\index.js:346:12)\n    at next (C:\\Users\\Asif\\Desktop\\edtho\\node_modules\\express\\lib\\router\\index.js:280:10)\n    at cors (C:\\Users\\Asif\\Desktop\\edtho\\node_modules\\cors\\lib\\index.js:188:7)","service":"notepad-app","timestamp":"2025-05-18 20:38:57"}
{"level":"error","message":"PayloadTooLargeError: request entity too large\n    at readStream (C:\\Users\\Asif\\Desktop\\edtho\\node_modules\\raw-body\\index.js:163:17)\n    at getRawBody (C:\\Users\\Asif\\Desktop\\edtho\\node_modules\\raw-body\\index.js:116:12)\n    at read (C:\\Users\\Asif\\Desktop\\edtho\\node_modules\\body-parser\\lib\\read.js:79:3)\n    at jsonParser (C:\\Users\\Asif\\Desktop\\edtho\\node_modules\\body-parser\\lib\\types\\json.js:138:5)\n    at Layer.handle [as handle_request] (C:\\Users\\Asif\\Desktop\\edtho\\node_modules\\express\\lib\\router\\layer.js:95:5)\n    at trim_prefix (C:\\Users\\Asif\\Desktop\\edtho\\node_modules\\express\\lib\\router\\index.js:328:13)\n    at C:\\Users\\Asif\\Desktop\\edtho\\node_modules\\express\\lib\\router\\index.js:286:9\n    at Function.process_params (C:\\Users\\Asif\\Desktop\\edtho\\node_modules\\express\\lib\\router\\index.js:346:12)\n    at next (C:\\Users\\Asif\\Desktop\\edtho\\node_modules\\express\\lib\\router\\index.js:280:10)\n    at cors (C:\\Users\\Asif\\Desktop\\edtho\\node_modules\\cors\\lib\\index.js:188:7)","service":"notepad-app","timestamp":"2025-05-18 20:39:04"}
{"level":"error","message":"PayloadTooLargeError: request entity too large\n    at readStream (C:\\Users\\Asif\\Desktop\\edtho\\node_modules\\raw-body\\index.js:163:17)\n    at getRawBody (C:\\Users\\Asif\\Desktop\\edtho\\node_modules\\raw-body\\index.js:116:12)\n    at read (C:\\Users\\Asif\\Desktop\\edtho\\node_modules\\body-parser\\lib\\read.js:79:3)\n    at jsonParser (C:\\Users\\Asif\\Desktop\\edtho\\node_modules\\body-parser\\lib\\types\\json.js:138:5)\n    at Layer.handle [as handle_request] (C:\\Users\\Asif\\Desktop\\edtho\\node_modules\\express\\lib\\router\\layer.js:95:5)\n    at trim_prefix (C:\\Users\\Asif\\Desktop\\edtho\\node_modules\\express\\lib\\router\\index.js:328:13)\n    at C:\\Users\\Asif\\Desktop\\edtho\\node_modules\\express\\lib\\router\\index.js:286:9\n    at Function.process_params (C:\\Users\\Asif\\Desktop\\edtho\\node_modules\\express\\lib\\router\\index.js:346:12)\n    at next (C:\\Users\\Asif\\Desktop\\edtho\\node_modules\\express\\lib\\router\\index.js:280:10)\n    at cors (C:\\Users\\Asif\\Desktop\\edtho\\node_modules\\cors\\lib\\index.js:188:7)","service":"notepad-app","timestamp":"2025-05-18 20:39:09"}
{"level":"info","message":"Server is running on port 3006","service":"notepad-app","timestamp":"2025-05-18 20:40:31"}
{"level":"info","message":"Connected to MySQL database","service":"notepad-app","timestamp":"2025-05-18 20:40:31"}
{"level":"info","message":"Notes table ready","service":"notepad-app","timestamp":"2025-05-18 20:40:31"}
{"level":"info","message":"Server is running on port 3006","service":"notepad-app","timestamp":"2025-05-18 20:44:27"}
{"level":"info","message":"Connected to MySQL database","service":"notepad-app","timestamp":"2025-05-18 20:44:27"}
{"level":"info","message":"Notes table ready","service":"notepad-app","timestamp":"2025-05-18 20:44:27"}
{"level":"info","message":"Server is running on port 3006","service":"notepad-app","timestamp":"2025-05-18 20:46:31"}
{"level":"info","message":"Connected to MySQL database","service":"notepad-app","timestamp":"2025-05-18 20:46:31"}
{"level":"info","message":"Notes table ready","service":"notepad-app","timestamp":"2025-05-18 20:46:31"}
{"level":"info","message":"Server is running on port 3006","service":"notepad-app","timestamp":"2025-05-18 20:47:30"}
{"level":"info","message":"Connected to MySQL database","service":"notepad-app","timestamp":"2025-05-18 20:47:30"}
{"level":"info","message":"Notes table ready","service":"notepad-app","timestamp":"2025-05-18 20:47:30"}
{"level":"info","message":"Server is running on port 3006","service":"notepad-app","timestamp":"2025-05-18 20:48:00"}
{"level":"info","message":"Connected to MySQL database","service":"notepad-app","timestamp":"2025-05-18 20:48:00"}
{"level":"info","message":"Notes table ready","service":"notepad-app","timestamp":"2025-05-18 20:48:00"}
{"level":"info","message":"Server is running on port 3006","service":"notepad-app","timestamp":"2025-05-18 20:56:10"}
{"level":"info","message":"Connected to MySQL database","service":"notepad-app","timestamp":"2025-05-18 20:56:10"}
{"level":"info","message":"Notes table ready","service":"notepad-app","timestamp":"2025-05-18 20:56:10"}
{"level":"info","message":"Server is running on port 3006","service":"notepad-app","timestamp":"2025-05-18 20:57:08"}
{"level":"info","message":"Connected to MySQL database","service":"notepad-app","timestamp":"2025-05-18 20:57:08"}
{"level":"info","message":"Notes table ready","service":"notepad-app","timestamp":"2025-05-18 20:57:08"}
{"level":"info","message":"Server is running on port 3006","service":"notepad-app","timestamp":"2025-05-18 21:10:56"}
{"level":"info","message":"Connected to MySQL database","service":"notepad-app","timestamp":"2025-05-18 21:10:56"}
{"level":"info","message":"Notes table ready","service":"notepad-app","timestamp":"2025-05-18 21:10:56"}
{"level":"info","message":"Server is running on port 3006","service":"notepad-app","timestamp":"2025-05-18 21:12:09"}
{"level":"info","message":"Connected to MySQL database","service":"notepad-app","timestamp":"2025-05-18 21:12:09"}
{"level":"info","message":"Notes table ready","service":"notepad-app","timestamp":"2025-05-18 21:12:09"}
{"level":"info","message":"Server is running on port 3006","service":"notepad-app","timestamp":"2025-05-18 21:12:47"}
{"level":"info","message":"Connected to MySQL database","service":"notepad-app","timestamp":"2025-05-18 21:12:47"}
{"level":"info","message":"Notes table ready","service":"notepad-app","timestamp":"2025-05-18 21:12:47"}
{"level":"info","message":"Server is running on port 3006","service":"notepad-app","timestamp":"2025-05-18 21:14:08"}
{"level":"info","message":"Connected to MySQL database","service":"notepad-app","timestamp":"2025-05-18 21:14:08"}
{"level":"info","message":"Notes table ready","service":"notepad-app","timestamp":"2025-05-18 21:14:08"}
{"level":"info","message":"Server is running on port 3006","service":"notepad-app","timestamp":"2025-05-18 21:20:46"}
{"level":"info","message":"Connected to MySQL database","service":"notepad-app","timestamp":"2025-05-18 21:20:46"}
{"level":"info","message":"Notes table ready","service":"notepad-app","timestamp":"2025-05-18 21:20:46"}
{"level":"info","message":"Server is running on port 3006","service":"notepad-app","timestamp":"2025-05-18 21:25:28"}
{"level":"info","message":"Connected to MySQL database","service":"notepad-app","timestamp":"2025-05-18 21:25:28"}
{"level":"info","message":"Notes table ready","service":"notepad-app","timestamp":"2025-05-18 21:25:28"}
{"level":"info","message":"Server is running on port 3006","service":"notepad-app","timestamp":"2025-05-19 16:26:33"}
{"level":"info","message":"Connected to MySQL database","service":"notepad-app","timestamp":"2025-05-19 16:26:33"}
{"level":"info","message":"Notes table ready","service":"notepad-app","timestamp":"2025-05-19 16:26:33"}
{"level":"info","message":"Server is running on port 3006","service":"notepad-app","timestamp":"2025-05-19 16:43:15"}
{"level":"info","message":"Connected to MySQL database","service":"notepad-app","timestamp":"2025-05-19 16:43:15"}
{"level":"info","message":"Notes table ready","service":"notepad-app","timestamp":"2025-05-19 16:43:15"}
{"level":"info","message":"Server is running on port 3006","service":"notepad-app","timestamp":"2025-05-19 16:58:51"}
{"level":"info","message":"Connected to MySQL database","service":"notepad-app","timestamp":"2025-05-19 16:58:51"}
{"level":"info","message":"Notes table ready","service":"notepad-app","timestamp":"2025-05-19 16:58:51"}
{"level":"info","message":"Server is running on port 3006","service":"notepad-app","timestamp":"2025-05-19 17:02:47"}
{"level":"info","message":"Connected to MySQL database","service":"notepad-app","timestamp":"2025-05-19 17:02:47"}
{"level":"info","message":"Notes table ready","service":"notepad-app","timestamp":"2025-05-19 17:02:47"}
{"level":"info","message":"Server is running on port 3006","service":"notepad-app","timestamp":"2025-05-19 17:02:57"}
{"level":"info","message":"Connected to MySQL database","service":"notepad-app","timestamp":"2025-05-19 17:02:57"}
{"level":"info","message":"Notes table ready","service":"notepad-app","timestamp":"2025-05-19 17:02:57"}
{"level":"info","message":"Server is running on port 3006","service":"notepad-app","timestamp":"2025-05-19 17:03:02"}
{"level":"info","message":"Connected to MySQL database","service":"notepad-app","timestamp":"2025-05-19 17:03:02"}
{"level":"info","message":"Notes table ready","service":"notepad-app","timestamp":"2025-05-19 17:03:02"}
{"level":"info","message":"Server is running on port 3006","service":"notepad-app","timestamp":"2025-05-19 17:03:30"}
{"level":"info","message":"Connected to MySQL database","service":"notepad-app","timestamp":"2025-05-19 17:03:30"}
{"level":"info","message":"Notes table ready","service":"notepad-app","timestamp":"2025-05-19 17:03:30"}
{"level":"info","message":"Server is running on port 3006","service":"notepad-app","timestamp":"2025-05-19 17:03:53"}
{"level":"info","message":"Connected to MySQL database","service":"notepad-app","timestamp":"2025-05-19 17:03:53"}
{"level":"info","message":"Notes table ready","service":"notepad-app","timestamp":"2025-05-19 17:03:53"}
{"level":"info","message":"Server is running on port 3006","service":"notepad-app","timestamp":"2025-05-19 17:05:51"}
{"level":"info","message":"Connected to MySQL database","service":"notepad-app","timestamp":"2025-05-19 17:05:51"}
{"level":"info","message":"Notes table ready","service":"notepad-app","timestamp":"2025-05-19 17:05:51"}
{"level":"info","message":"Server is running on port 3006","service":"notepad-app","timestamp":"2025-05-19 17:07:31"}
{"level":"info","message":"Connected to MySQL database","service":"notepad-app","timestamp":"2025-05-19 17:07:31"}
{"level":"info","message":"Notes table ready","service":"notepad-app","timestamp":"2025-05-19 17:07:31"}
{"level":"info","message":"Server is running on port 3006","service":"notepad-app","timestamp":"2025-05-19 17:08:14"}
{"level":"info","message":"Connected to MySQL database","service":"notepad-app","timestamp":"2025-05-19 17:08:14"}
{"level":"info","message":"Notes table ready","service":"notepad-app","timestamp":"2025-05-19 17:08:14"}
{"level":"info","message":"Server is running on port 3006","service":"notepad-app","timestamp":"2025-05-19 17:12:06"}
{"level":"info","message":"Connected to MySQL database","service":"notepad-app","timestamp":"2025-05-19 17:12:06"}
{"level":"info","message":"Notes table ready","service":"notepad-app","timestamp":"2025-05-19 17:12:06"}
{"level":"info","message":"Server is running on port 3006","service":"notepad-app","timestamp":"2025-05-19 17:14:21"}
{"level":"info","message":"Connected to MySQL database","service":"notepad-app","timestamp":"2025-05-19 17:14:21"}
{"level":"info","message":"Notes table ready","service":"notepad-app","timestamp":"2025-05-19 17:14:21"}
{"level":"info","message":"Server is running on port 3006","service":"notepad-app","timestamp":"2025-05-19 17:21:20"}
{"level":"info","message":"Connected to MySQL database","service":"notepad-app","timestamp":"2025-05-19 17:21:20"}
{"level":"info","message":"Notes table ready","service":"notepad-app","timestamp":"2025-05-19 17:21:20"}
{"level":"info","message":"Server is running on port 3006","service":"notepad-app","timestamp":"2025-05-19 17:29:26"}
{"level":"info","message":"Connected to MySQL database","service":"notepad-app","timestamp":"2025-05-19 17:29:26"}
{"level":"info","message":"Notes table ready","service":"notepad-app","timestamp":"2025-05-19 17:29:26"}
{"level":"info","message":"Server is running on port 3006","service":"notepad-app","timestamp":"2025-05-19 17:30:17"}
{"level":"info","message":"Connected to MySQL database","service":"notepad-app","timestamp":"2025-05-19 17:30:17"}
{"level":"info","message":"Notes table ready","service":"notepad-app","timestamp":"2025-05-19 17:30:17"}
{"level":"info","message":"Server is running on port 3006","service":"notepad-app","timestamp":"2025-05-19 17:34:24"}
{"level":"info","message":"Connected to MySQL database","service":"notepad-app","timestamp":"2025-05-19 17:34:24"}
{"level":"info","message":"Notes table ready","service":"notepad-app","timestamp":"2025-05-19 17:34:24"}
{"level":"info","message":"Server is running on port 3006","service":"notepad-app","timestamp":"2025-05-19 17:38:26"}
{"level":"info","message":"Connected to MySQL database","service":"notepad-app","timestamp":"2025-05-19 17:38:26"}
{"level":"info","message":"Notes table ready","service":"notepad-app","timestamp":"2025-05-19 17:38:26"}
{"level":"info","message":"Server is running on port 3006","service":"notepad-app","timestamp":"2025-05-19 17:41:00"}
{"level":"info","message":"Connected to MySQL database","service":"notepad-app","timestamp":"2025-05-19 17:41:00"}
{"level":"info","message":"Notes table ready","service":"notepad-app","timestamp":"2025-05-19 17:41:00"}
{"level":"info","message":"Server is running on port 3006","service":"notepad-app","timestamp":"2025-05-19 17:45:26"}
{"level":"info","message":"Connected to MySQL database","service":"notepad-app","timestamp":"2025-05-19 17:45:26"}
{"level":"info","message":"Notes table ready","service":"notepad-app","timestamp":"2025-05-19 17:45:26"}
{"level":"info","message":"Server is running on port 3006","service":"notepad-app","timestamp":"2025-05-19 17:45:52"}
{"level":"info","message":"Connected to MySQL database","service":"notepad-app","timestamp":"2025-05-19 17:45:52"}
{"level":"info","message":"Notes table ready","service":"notepad-app","timestamp":"2025-05-19 17:45:52"}
{"level":"info","message":"Server is running on port 3006","service":"notepad-app","timestamp":"2025-05-19 17:46:13"}
{"level":"info","message":"Connected to MySQL database","service":"notepad-app","timestamp":"2025-05-19 17:46:13"}
{"level":"info","message":"Notes table ready","service":"notepad-app","timestamp":"2025-05-19 17:46:13"}
{"level":"info","message":"Server is running on port 3006","service":"notepad-app","timestamp":"2025-05-19 18:23:43"}
{"level":"info","message":"Connected to MySQL database","service":"notepad-app","timestamp":"2025-05-19 18:23:43"}
{"level":"info","message":"Notes table ready","service":"notepad-app","timestamp":"2025-05-19 18:23:43"}
{"level":"info","message":"Server is running on port 3006","service":"notepad-app","timestamp":"2025-05-19 18:23:49"}
{"level":"info","message":"Connected to MySQL database","service":"notepad-app","timestamp":"2025-05-19 18:23:49"}
{"level":"info","message":"Notes table ready","service":"notepad-app","timestamp":"2025-05-19 18:23:49"}
{"level":"info","message":"Server is running on port 3006","service":"notepad-app","timestamp":"2025-05-19 18:23:51"}
{"level":"info","message":"Connected to MySQL database","service":"notepad-app","timestamp":"2025-05-19 18:23:51"}
{"level":"info","message":"Notes table ready","service":"notepad-app","timestamp":"2025-05-19 18:23:51"}
{"level":"info","message":"Server is running on port 3006","service":"notepad-app","timestamp":"2025-05-19 18:23:56"}
{"level":"info","message":"Connected to MySQL database","service":"notepad-app","timestamp":"2025-05-19 18:23:56"}
{"level":"info","message":"Notes table ready","service":"notepad-app","timestamp":"2025-05-19 18:23:56"}
{"level":"info","message":"Server is running on port 3006","service":"notepad-app","timestamp":"2025-05-19 18:23:58"}
{"level":"info","message":"Connected to MySQL database","service":"notepad-app","timestamp":"2025-05-19 18:23:58"}
{"level":"info","message":"Notes table ready","service":"notepad-app","timestamp":"2025-05-19 18:23:58"}
{"level":"info","message":"Server is running on port 3006","service":"notepad-app","timestamp":"2025-05-19 18:34:24"}
{"code":"ESERVFAIL","hostname":"_mongodb._tcp.edutho.shlpbd1.mongodb.net","level":"error","message":"Error connecting to MongoDB: querySrv ESERVFAIL _mongodb._tcp.edutho.shlpbd1.mongodb.net","service":"notepad-app","stack":"Error: querySrv ESERVFAIL _mongodb._tcp.edutho.shlpbd1.mongodb.net\n    at QueryReqWrap.onresolve [as oncomplete] (node:internal/dns/promises:291:17)","syscall":"querySrv","timestamp":"2025-05-19 18:34:26"}
{"level":"info","message":"Server is running on port 3006","service":"notepad-app","timestamp":"2025-05-19 18:35:43"}
{"level":"info","message":"MongoDB Connected: ac-tsquoxi-shard-00-01.shlpbd1.mongodb.net","service":"notepad-app","timestamp":"2025-05-19 18:35:44"}
{"level":"info","message":"Server is running on port 3006","service":"notepad-app","timestamp":"2025-05-19 18:37:13"}
{"level":"info","message":"MongoDB Connected: ac-tsquoxi-shard-00-01.shlpbd1.mongodb.net","service":"notepad-app","timestamp":"2025-05-19 18:37:14"}
{"level":"info","message":"Server is running on port 3006","service":"notepad-app","timestamp":"2025-05-19 18:37:34"}
{"level":"info","message":"MongoDB Connected: ac-tsquoxi-shard-00-01.shlpbd1.mongodb.net","service":"notepad-app","timestamp":"2025-05-19 18:37:34"}
{"level":"error","message":"Error fetching note: cryptoDecrypt is not defined","service":"notepad-app","stack":"ReferenceError: cryptoDecrypt is not defined\n    at C:\\Users\\Asif\\Desktop\\edtho\\server.js:153:30\n    at process.processTicksAndRejections (node:internal/process/task_queues:95:5)","timestamp":"2025-05-19 18:37:36"}
{"level":"error","message":"Error fetching note: cryptoDecrypt is not defined","service":"notepad-app","stack":"ReferenceError: cryptoDecrypt is not defined\n    at C:\\Users\\Asif\\Desktop\\edtho\\server.js:153:30\n    at process.processTicksAndRejections (node:internal/process/task_queues:95:5)","timestamp":"2025-05-19 18:37:37"}
{"level":"error","message":"Error fetching note: cryptoDecrypt is not defined","service":"notepad-app","stack":"ReferenceError: cryptoDecrypt is not defined\n    at C:\\Users\\Asif\\Desktop\\edtho\\server.js:153:30\n    at process.processTicksAndRejections (node:internal/process/task_queues:95:5)","timestamp":"2025-05-19 18:37:38"}
{"level":"error","message":"Error creating note: cryptoEncrypt is not defined","service":"notepad-app","stack":"ReferenceError: cryptoEncrypt is not defined\n    at C:\\Users\\Asif\\Desktop\\edtho\\server.js:103:30\n    at Layer.handle [as handle_request] (C:\\Users\\Asif\\Desktop\\edtho\\node_modules\\express\\lib\\router\\layer.js:95:5)\n    at next (C:\\Users\\Asif\\Desktop\\edtho\\node_modules\\express\\lib\\router\\route.js:149:13)\n    at Route.dispatch (C:\\Users\\Asif\\Desktop\\edtho\\node_modules\\express\\lib\\router\\route.js:119:3)\n    at Layer.handle [as handle_request] (C:\\Users\\Asif\\Desktop\\edtho\\node_modules\\express\\lib\\router\\layer.js:95:5)\n    at C:\\Users\\Asif\\Desktop\\edtho\\node_modules\\express\\lib\\router\\index.js:284:15\n    at Function.process_params (C:\\Users\\Asif\\Desktop\\edtho\\node_modules\\express\\lib\\router\\index.js:346:12)\n    at next (C:\\Users\\Asif\\Desktop\\edtho\\node_modules\\express\\lib\\router\\index.js:280:10)\n    at serveStatic (C:\\Users\\Asif\\Desktop\\edtho\\node_modules\\serve-static\\index.js:75:16)\n    at Layer.handle [as handle_request] (C:\\Users\\Asif\\Desktop\\edtho\\node_modules\\express\\lib\\router\\layer.js:95:5)","timestamp":"2025-05-19 18:37:40"}
{"level":"error","message":"Error creating note: cryptoEncrypt is not defined","service":"notepad-app","stack":"ReferenceError: cryptoEncrypt is not defined\n    at C:\\Users\\Asif\\Desktop\\edtho\\server.js:103:30\n    at Layer.handle [as handle_request] (C:\\Users\\Asif\\Desktop\\edtho\\node_modules\\express\\lib\\router\\layer.js:95:5)\n    at next (C:\\Users\\Asif\\Desktop\\edtho\\node_modules\\express\\lib\\router\\route.js:149:13)\n    at Route.dispatch (C:\\Users\\Asif\\Desktop\\edtho\\node_modules\\express\\lib\\router\\route.js:119:3)\n    at Layer.handle [as handle_request] (C:\\Users\\Asif\\Desktop\\edtho\\node_modules\\express\\lib\\router\\layer.js:95:5)\n    at C:\\Users\\Asif\\Desktop\\edtho\\node_modules\\express\\lib\\router\\index.js:284:15\n    at Function.process_params (C:\\Users\\Asif\\Desktop\\edtho\\node_modules\\express\\lib\\router\\index.js:346:12)\n    at next (C:\\Users\\Asif\\Desktop\\edtho\\node_modules\\express\\lib\\router\\index.js:280:10)\n    at serveStatic (C:\\Users\\Asif\\Desktop\\edtho\\node_modules\\serve-static\\index.js:75:16)\n    at Layer.handle [as handle_request] (C:\\Users\\Asif\\Desktop\\edtho\\node_modules\\express\\lib\\router\\layer.js:95:5)","timestamp":"2025-05-19 18:37:45"}
{"level":"error","message":"Error creating note: cryptoEncrypt is not defined","service":"notepad-app","stack":"ReferenceError: cryptoEncrypt is not defined\n    at C:\\Users\\Asif\\Desktop\\edtho\\server.js:103:30\n    at Layer.handle [as handle_request] (C:\\Users\\Asif\\Desktop\\edtho\\node_modules\\express\\lib\\router\\layer.js:95:5)\n    at next (C:\\Users\\Asif\\Desktop\\edtho\\node_modules\\express\\lib\\router\\route.js:149:13)\n    at Route.dispatch (C:\\Users\\Asif\\Desktop\\edtho\\node_modules\\express\\lib\\router\\route.js:119:3)\n    at Layer.handle [as handle_request] (C:\\Users\\Asif\\Desktop\\edtho\\node_modules\\express\\lib\\router\\layer.js:95:5)\n    at C:\\Users\\Asif\\Desktop\\edtho\\node_modules\\express\\lib\\router\\index.js:284:15\n    at Function.process_params (C:\\Users\\Asif\\Desktop\\edtho\\node_modules\\express\\lib\\router\\index.js:346:12)\n    at next (C:\\Users\\Asif\\Desktop\\edtho\\node_modules\\express\\lib\\router\\index.js:280:10)\n    at serveStatic (C:\\Users\\Asif\\Desktop\\edtho\\node_modules\\serve-static\\index.js:75:16)\n    at Layer.handle [as handle_request] (C:\\Users\\Asif\\Desktop\\edtho\\node_modules\\express\\lib\\router\\layer.js:95:5)","timestamp":"2025-05-19 18:37:51"}
{"level":"info","message":"Server is running on port 3006","service":"notepad-app","timestamp":"2025-05-19 18:39:37"}
{"level":"info","message":"MongoDB Connected: ac-tsquoxi-shard-00-02.shlpbd1.mongodb.net","service":"notepad-app","timestamp":"2025-05-19 18:39:37"}
{"level":"info","message":"Server is running on port 3006","service":"notepad-app","timestamp":"2025-05-19 18:40:01"}
{"level":"info","message":"MongoDB Connected: ac-tsquoxi-shard-00-02.shlpbd1.mongodb.net","service":"notepad-app","timestamp":"2025-05-19 18:40:01"}
{"level":"info","message":"Server is running on port 3006","service":"notepad-app","timestamp":"2025-05-19 18:42:35"}
{"level":"info","message":"MongoDB Connected: ac-tsquoxi-shard-00-00.shlpbd1.mongodb.net","service":"notepad-app","timestamp":"2025-05-19 18:42:36"}
{"level":"error","message":"PayloadTooLargeError: request entity too large\n    at readStream (C:\\Users\\Asif\\Desktop\\edtho\\node_modules\\raw-body\\index.js:163:17)\n    at getRawBody (C:\\Users\\Asif\\Desktop\\edtho\\node_modules\\raw-body\\index.js:116:12)\n    at read (C:\\Users\\Asif\\Desktop\\edtho\\node_modules\\body-parser\\lib\\read.js:79:3)\n    at jsonParser (C:\\Users\\Asif\\Desktop\\edtho\\node_modules\\body-parser\\lib\\types\\json.js:138:5)\n    at Layer.handle [as handle_request] (C:\\Users\\Asif\\Desktop\\edtho\\node_modules\\express\\lib\\router\\layer.js:95:5)\n    at trim_prefix (C:\\Users\\Asif\\Desktop\\edtho\\node_modules\\express\\lib\\router\\index.js:328:13)\n    at C:\\Users\\Asif\\Desktop\\edtho\\node_modules\\express\\lib\\router\\index.js:286:9\n    at Function.process_params (C:\\Users\\Asif\\Desktop\\edtho\\node_modules\\express\\lib\\router\\index.js:346:12)\n    at next (C:\\Users\\Asif\\Desktop\\edtho\\node_modules\\express\\lib\\router\\index.js:280:10)\n    at cors (C:\\Users\\Asif\\Desktop\\edtho\\node_modules\\cors\\lib\\index.js:188:7)","service":"notepad-app","timestamp":"2025-05-19 18:45:20"}
{"level":"error","message":"PayloadTooLargeError: request entity too large\n    at readStream (C:\\Users\\Asif\\Desktop\\edtho\\node_modules\\raw-body\\index.js:163:17)\n    at getRawBody (C:\\Users\\Asif\\Desktop\\edtho\\node_modules\\raw-body\\index.js:116:12)\n    at read (C:\\Users\\Asif\\Desktop\\edtho\\node_modules\\body-parser\\lib\\read.js:79:3)\n    at jsonParser (C:\\Users\\Asif\\Desktop\\edtho\\node_modules\\body-parser\\lib\\types\\json.js:138:5)\n    at Layer.handle [as handle_request] (C:\\Users\\Asif\\Desktop\\edtho\\node_modules\\express\\lib\\router\\layer.js:95:5)\n    at trim_prefix (C:\\Users\\Asif\\Desktop\\edtho\\node_modules\\express\\lib\\router\\index.js:328:13)\n    at C:\\Users\\Asif\\Desktop\\edtho\\node_modules\\express\\lib\\router\\index.js:286:9\n    at Function.process_params (C:\\Users\\Asif\\Desktop\\edtho\\node_modules\\express\\lib\\router\\index.js:346:12)\n    at next (C:\\Users\\Asif\\Desktop\\edtho\\node_modules\\express\\lib\\router\\index.js:280:10)\n    at cors (C:\\Users\\Asif\\Desktop\\edtho\\node_modules\\cors\\lib\\index.js:188:7)","service":"notepad-app","timestamp":"2025-05-19 18:45:27"}
{"level":"error","message":"PayloadTooLargeError: request entity too large\n    at readStream (C:\\Users\\Asif\\Desktop\\edtho\\node_modules\\raw-body\\index.js:163:17)\n    at getRawBody (C:\\Users\\Asif\\Desktop\\edtho\\node_modules\\raw-body\\index.js:116:12)\n    at read (C:\\Users\\Asif\\Desktop\\edtho\\node_modules\\body-parser\\lib\\read.js:79:3)\n    at jsonParser (C:\\Users\\Asif\\Desktop\\edtho\\node_modules\\body-parser\\lib\\types\\json.js:138:5)\n    at Layer.handle [as handle_request] (C:\\Users\\Asif\\Desktop\\edtho\\node_modules\\express\\lib\\router\\layer.js:95:5)\n    at trim_prefix (C:\\Users\\Asif\\Desktop\\edtho\\node_modules\\express\\lib\\router\\index.js:328:13)\n    at C:\\Users\\Asif\\Desktop\\edtho\\node_modules\\express\\lib\\router\\index.js:286:9\n    at Function.process_params (C:\\Users\\Asif\\Desktop\\edtho\\node_modules\\express\\lib\\router\\index.js:346:12)\n    at next (C:\\Users\\Asif\\Desktop\\edtho\\node_modules\\express\\lib\\router\\index.js:280:10)\n    at cors (C:\\Users\\Asif\\Desktop\\edtho\\node_modules\\cors\\lib\\index.js:188:7)","service":"notepad-app","timestamp":"2025-05-19 18:45:29"}
{"level":"error","message":"PayloadTooLargeError: request entity too large\n    at readStream (C:\\Users\\Asif\\Desktop\\edtho\\node_modules\\raw-body\\index.js:163:17)\n    at getRawBody (C:\\Users\\Asif\\Desktop\\edtho\\node_modules\\raw-body\\index.js:116:12)\n    at read (C:\\Users\\Asif\\Desktop\\edtho\\node_modules\\body-parser\\lib\\read.js:79:3)\n    at jsonParser (C:\\Users\\Asif\\Desktop\\edtho\\node_modules\\body-parser\\lib\\types\\json.js:138:5)\n    at Layer.handle [as handle_request] (C:\\Users\\Asif\\Desktop\\edtho\\node_modules\\express\\lib\\router\\layer.js:95:5)\n    at trim_prefix (C:\\Users\\Asif\\Desktop\\edtho\\node_modules\\express\\lib\\router\\index.js:328:13)\n    at C:\\Users\\Asif\\Desktop\\edtho\\node_modules\\express\\lib\\router\\index.js:286:9\n    at Function.process_params (C:\\Users\\Asif\\Desktop\\edtho\\node_modules\\express\\lib\\router\\index.js:346:12)\n    at next (C:\\Users\\Asif\\Desktop\\edtho\\node_modules\\express\\lib\\router\\index.js:280:10)\n    at cors (C:\\Users\\Asif\\Desktop\\edtho\\node_modules\\cors\\lib\\index.js:188:7)","service":"notepad-app","timestamp":"2025-05-19 18:45:37"}
{"level":"error","message":"PayloadTooLargeError: request entity too large\n    at readStream (C:\\Users\\Asif\\Desktop\\edtho\\node_modules\\raw-body\\index.js:163:17)\n    at getRawBody (C:\\Users\\Asif\\Desktop\\edtho\\node_modules\\raw-body\\index.js:116:12)\n    at read (C:\\Users\\Asif\\Desktop\\edtho\\node_modules\\body-parser\\lib\\read.js:79:3)\n    at jsonParser (C:\\Users\\Asif\\Desktop\\edtho\\node_modules\\body-parser\\lib\\types\\json.js:138:5)\n    at Layer.handle [as handle_request] (C:\\Users\\Asif\\Desktop\\edtho\\node_modules\\express\\lib\\router\\layer.js:95:5)\n    at trim_prefix (C:\\Users\\Asif\\Desktop\\edtho\\node_modules\\express\\lib\\router\\index.js:328:13)\n    at C:\\Users\\Asif\\Desktop\\edtho\\node_modules\\express\\lib\\router\\index.js:286:9\n    at Function.process_params (C:\\Users\\Asif\\Desktop\\edtho\\node_modules\\express\\lib\\router\\index.js:346:12)\n    at next (C:\\Users\\Asif\\Desktop\\edtho\\node_modules\\express\\lib\\router\\index.js:280:10)\n    at cors (C:\\Users\\Asif\\Desktop\\edtho\\node_modules\\cors\\lib\\index.js:188:7)","service":"notepad-app","timestamp":"2025-05-19 18:45:41"}
{"level":"error","message":"PayloadTooLargeError: request entity too large\n    at readStream (C:\\Users\\Asif\\Desktop\\edtho\\node_modules\\raw-body\\index.js:163:17)\n    at getRawBody (C:\\Users\\Asif\\Desktop\\edtho\\node_modules\\raw-body\\index.js:116:12)\n    at read (C:\\Users\\Asif\\Desktop\\edtho\\node_modules\\body-parser\\lib\\read.js:79:3)\n    at jsonParser (C:\\Users\\Asif\\Desktop\\edtho\\node_modules\\body-parser\\lib\\types\\json.js:138:5)\n    at Layer.handle [as handle_request] (C:\\Users\\Asif\\Desktop\\edtho\\node_modules\\express\\lib\\router\\layer.js:95:5)\n    at trim_prefix (C:\\Users\\Asif\\Desktop\\edtho\\node_modules\\express\\lib\\router\\index.js:328:13)\n    at C:\\Users\\Asif\\Desktop\\edtho\\node_modules\\express\\lib\\router\\index.js:286:9\n    at Function.process_params (C:\\Users\\Asif\\Desktop\\edtho\\node_modules\\express\\lib\\router\\index.js:346:12)\n    at next (C:\\Users\\Asif\\Desktop\\edtho\\node_modules\\express\\lib\\router\\index.js:280:10)\n    at cors (C:\\Users\\Asif\\Desktop\\edtho\\node_modules\\cors\\lib\\index.js:188:7)","service":"notepad-app","timestamp":"2025-05-19 18:46:01"}
{"level":"error","message":"PayloadTooLargeError: request entity too large\n    at readStream (C:\\Users\\Asif\\Desktop\\edtho\\node_modules\\raw-body\\index.js:163:17)\n    at getRawBody (C:\\Users\\Asif\\Desktop\\edtho\\node_modules\\raw-body\\index.js:116:12)\n    at read (C:\\Users\\Asif\\Desktop\\edtho\\node_modules\\body-parser\\lib\\read.js:79:3)\n    at jsonParser (C:\\Users\\Asif\\Desktop\\edtho\\node_modules\\body-parser\\lib\\types\\json.js:138:5)\n    at Layer.handle [as handle_request] (C:\\Users\\Asif\\Desktop\\edtho\\node_modules\\express\\lib\\router\\layer.js:95:5)\n    at trim_prefix (C:\\Users\\Asif\\Desktop\\edtho\\node_modules\\express\\lib\\router\\index.js:328:13)\n    at C:\\Users\\Asif\\Desktop\\edtho\\node_modules\\express\\lib\\router\\index.js:286:9\n    at Function.process_params (C:\\Users\\Asif\\Desktop\\edtho\\node_modules\\express\\lib\\router\\index.js:346:12)\n    at next (C:\\Users\\Asif\\Desktop\\edtho\\node_modules\\express\\lib\\router\\index.js:280:10)\n    at cors (C:\\Users\\Asif\\Desktop\\edtho\\node_modules\\cors\\lib\\index.js:188:7)","service":"notepad-app","timestamp":"2025-05-19 18:46:04"}
{"level":"info","message":"Server is running on port 3006","service":"notepad-app","timestamp":"2025-05-19 18:48:01"}
{"level":"info","message":"MongoDB Connected: ac-tsquoxi-shard-00-02.shlpbd1.mongodb.net","service":"notepad-app","timestamp":"2025-05-19 18:48:02"}
{"level":"error","message":"PayloadTooLargeError: request entity too large\n    at readStream (C:\\Users\\Asif\\Desktop\\edtho\\node_modules\\raw-body\\index.js:163:17)\n    at getRawBody (C:\\Users\\Asif\\Desktop\\edtho\\node_modules\\raw-body\\index.js:116:12)\n    at read (C:\\Users\\Asif\\Desktop\\edtho\\node_modules\\body-parser\\lib\\read.js:79:3)\n    at jsonParser (C:\\Users\\Asif\\Desktop\\edtho\\node_modules\\body-parser\\lib\\types\\json.js:138:5)\n    at Layer.handle [as handle_request] (C:\\Users\\Asif\\Desktop\\edtho\\node_modules\\express\\lib\\router\\layer.js:95:5)\n    at trim_prefix (C:\\Users\\Asif\\Desktop\\edtho\\node_modules\\express\\lib\\router\\index.js:328:13)\n    at C:\\Users\\Asif\\Desktop\\edtho\\node_modules\\express\\lib\\router\\index.js:286:9\n    at Function.process_params (C:\\Users\\Asif\\Desktop\\edtho\\node_modules\\express\\lib\\router\\index.js:346:12)\n    at next (C:\\Users\\Asif\\Desktop\\edtho\\node_modules\\express\\lib\\router\\index.js:280:10)\n    at cors (C:\\Users\\Asif\\Desktop\\edtho\\node_modules\\cors\\lib\\index.js:188:7)","service":"notepad-app","timestamp":"2025-05-19 18:48:09"}
{"level":"error","message":"Error fetching note: Decryption failed","service":"notepad-app","stack":"Error: Decryption failed\n    at cryptoDecrypt (C:\\Users\\Asif\\Desktop\\edtho\\utils\\cryptoValidator.js:56:11)\n    at C:\\Users\\Asif\\Desktop\\edtho\\server.js:154:36\n    at process.processTicksAndRejections (node:internal/process/task_queues:95:5)","timestamp":"2025-05-19 18:48:13"}
{"level":"info","message":"Server is running on port 3006","service":"notepad-app","timestamp":"2025-05-19 18:49:05"}
{"level":"info","message":"MongoDB Connected: ac-tsquoxi-shard-00-00.shlpbd1.mongodb.net","service":"notepad-app","timestamp":"2025-05-19 18:49:06"}
{"level":"info","message":"Server is running on port 3006","service":"notepad-app","timestamp":"2025-05-19 18:50:07"}
{"level":"info","message":"MongoDB Connected: ac-tsquoxi-shard-00-01.shlpbd1.mongodb.net","service":"notepad-app","timestamp":"2025-05-19 18:50:08"}
{"level":"info","message":"Server is running on port 3006","service":"notepad-app","timestamp":"2025-05-19 18:51:18"}
{"level":"info","message":"MongoDB Connected: ac-tsquoxi-shard-00-00.shlpbd1.mongodb.net","service":"notepad-app","timestamp":"2025-05-19 18:51:19"}
{"level":"info","message":"Server is running on port 3006","service":"notepad-app","timestamp":"2025-05-19 18:51:46"}
{"level":"info","message":"MongoDB Connected: ac-tsquoxi-shard-00-00.shlpbd1.mongodb.net","service":"notepad-app","timestamp":"2025-05-19 18:51:47"}
{"level":"error","message":"Error fetching note:","service":"notepad-app","stack":"Error\n    at cryptoDecrypt (C:\\Users\\Asif\\Desktop\\edtho\\utils\\cryptoValidator.js:31:11)\n    at C:\\Users\\Asif\\Desktop\\edtho\\server.js:154:36\n    at process.processTicksAndRejections (node:internal/process/task_queues:95:5)","timestamp":"2025-05-19 18:51:58"}
{"level":"error","message":"Error fetching note:","service":"notepad-app","stack":"Error\n    at cryptoDecrypt (C:\\Users\\Asif\\Desktop\\edtho\\utils\\cryptoValidator.js:31:11)\n    at C:\\Users\\Asif\\Desktop\\edtho\\server.js:154:36\n    at process.processTicksAndRejections (node:internal/process/task_queues:95:5)","timestamp":"2025-05-19 18:52:00"}
{"level":"error","message":"Error fetching note:","service":"notepad-app","stack":"Error\n    at cryptoDecrypt (C:\\Users\\Asif\\Desktop\\edtho\\utils\\cryptoValidator.js:31:11)\n    at C:\\Users\\Asif\\Desktop\\edtho\\server.js:154:36\n    at process.processTicksAndRejections (node:internal/process/task_queues:95:5)","timestamp":"2025-05-19 18:52:03"}
{"level":"error","message":"Error fetching note:","service":"notepad-app","stack":"Error\n    at cryptoDecrypt (C:\\Users\\Asif\\Desktop\\edtho\\utils\\cryptoValidator.js:31:11)\n    at C:\\Users\\Asif\\Desktop\\edtho\\server.js:154:36\n    at process.processTicksAndRejections (node:internal/process/task_queues:95:5)","timestamp":"2025-05-19 18:52:06"}
{"level":"error","message":"Error fetching note:","service":"notepad-app","stack":"Error\n    at cryptoDecrypt (C:\\Users\\Asif\\Desktop\\edtho\\utils\\cryptoValidator.js:31:11)\n    at C:\\Users\\Asif\\Desktop\\edtho\\server.js:154:36\n    at process.processTicksAndRejections (node:internal/process/task_queues:95:5)","timestamp":"2025-05-19 18:52:09"}
{"level":"error","message":"Error fetching note:","service":"notepad-app","stack":"Error\n    at cryptoDecrypt (C:\\Users\\Asif\\Desktop\\edtho\\utils\\cryptoValidator.js:31:11)\n    at C:\\Users\\Asif\\Desktop\\edtho\\server.js:154:36\n    at process.processTicksAndRejections (node:internal/process/task_queues:95:5)","timestamp":"2025-05-19 18:52:12"}
{"level":"error","message":"Error fetching note:","service":"notepad-app","stack":"Error\n    at cryptoDecrypt (C:\\Users\\Asif\\Desktop\\edtho\\utils\\cryptoValidator.js:31:11)\n    at C:\\Users\\Asif\\Desktop\\edtho\\server.js:154:36\n    at process.processTicksAndRejections (node:internal/process/task_queues:95:5)","timestamp":"2025-05-19 18:52:15"}
{"level":"error","message":"Error fetching note:","service":"notepad-app","stack":"Error\n    at cryptoDecrypt (C:\\Users\\Asif\\Desktop\\edtho\\utils\\cryptoValidator.js:31:11)\n    at C:\\Users\\Asif\\Desktop\\edtho\\server.js:154:36\n    at process.processTicksAndRejections (node:internal/process/task_queues:95:5)","timestamp":"2025-05-19 18:52:18"}
{"level":"error","message":"Error fetching note:","service":"notepad-app","stack":"Error\n    at cryptoDecrypt (C:\\Users\\Asif\\Desktop\\edtho\\utils\\cryptoValidator.js:31:11)\n    at C:\\Users\\Asif\\Desktop\\edtho\\server.js:154:36\n    at process.processTicksAndRejections (node:internal/process/task_queues:95:5)","timestamp":"2025-05-19 18:52:21"}
{"level":"error","message":"Error fetching note:","service":"notepad-app","stack":"Error\n    at cryptoDecrypt (C:\\Users\\Asif\\Desktop\\edtho\\utils\\cryptoValidator.js:31:11)\n    at C:\\Users\\Asif\\Desktop\\edtho\\server.js:154:36\n    at process.processTicksAndRejections (node:internal/process/task_queues:95:5)","timestamp":"2025-05-19 18:52:24"}
{"level":"error","message":"Error fetching note:","service":"notepad-app","stack":"Error\n    at cryptoDecrypt (C:\\Users\\Asif\\Desktop\\edtho\\utils\\cryptoValidator.js:31:11)\n    at C:\\Users\\Asif\\Desktop\\edtho\\server.js:154:36\n    at process.processTicksAndRejections (node:internal/process/task_queues:95:5)","timestamp":"2025-05-19 18:52:27"}
{"level":"error","message":"Error fetching note:","service":"notepad-app","stack":"Error\n    at cryptoDecrypt (C:\\Users\\Asif\\Desktop\\edtho\\utils\\cryptoValidator.js:31:11)\n    at C:\\Users\\Asif\\Desktop\\edtho\\server.js:154:36\n    at process.processTicksAndRejections (node:internal/process/task_queues:95:5)","timestamp":"2025-05-19 18:52:30"}
{"level":"error","message":"Error fetching note:","service":"notepad-app","stack":"Error\n    at cryptoDecrypt (C:\\Users\\Asif\\Desktop\\edtho\\utils\\cryptoValidator.js:31:11)\n    at C:\\Users\\Asif\\Desktop\\edtho\\server.js:154:36\n    at process.processTicksAndRejections (node:internal/process/task_queues:95:5)","timestamp":"2025-05-19 18:52:33"}
{"level":"error","message":"Error fetching note:","service":"notepad-app","stack":"Error\n    at cryptoDecrypt (C:\\Users\\Asif\\Desktop\\edtho\\utils\\cryptoValidator.js:31:11)\n    at C:\\Users\\Asif\\Desktop\\edtho\\server.js:154:36\n    at process.processTicksAndRejections (node:internal/process/task_queues:95:5)","timestamp":"2025-05-19 18:52:36"}
{"level":"error","message":"Error fetching note:","service":"notepad-app","stack":"Error\n    at cryptoDecrypt (C:\\Users\\Asif\\Desktop\\edtho\\utils\\cryptoValidator.js:31:11)\n    at C:\\Users\\Asif\\Desktop\\edtho\\server.js:154:36\n    at process.processTicksAndRejections (node:internal/process/task_queues:95:5)","timestamp":"2025-05-19 18:52:39"}
{"level":"error","message":"Error fetching note:","service":"notepad-app","stack":"Error\n    at cryptoDecrypt (C:\\Users\\Asif\\Desktop\\edtho\\utils\\cryptoValidator.js:31:11)\n    at C:\\Users\\Asif\\Desktop\\edtho\\server.js:154:36\n    at process.processTicksAndRejections (node:internal/process/task_queues:95:5)","timestamp":"2025-05-19 18:52:43"}
{"level":"error","message":"Error fetching note:","service":"notepad-app","stack":"Error\n    at cryptoDecrypt (C:\\Users\\Asif\\Desktop\\edtho\\utils\\cryptoValidator.js:31:11)\n    at C:\\Users\\Asif\\Desktop\\edtho\\server.js:154:36\n    at process.processTicksAndRejections (node:internal/process/task_queues:95:5)","timestamp":"2025-05-19 18:52:45"}
{"level":"error","message":"Error fetching note:","service":"notepad-app","stack":"Error\n    at cryptoDecrypt (C:\\Users\\Asif\\Desktop\\edtho\\utils\\cryptoValidator.js:31:11)\n    at C:\\Users\\Asif\\Desktop\\edtho\\server.js:154:36\n    at process.processTicksAndRejections (node:internal/process/task_queues:95:5)","timestamp":"2025-05-19 18:52:48"}
{"level":"error","message":"Error fetching note:","service":"notepad-app","stack":"Error\n    at cryptoDecrypt (C:\\Users\\Asif\\Desktop\\edtho\\utils\\cryptoValidator.js:31:11)\n    at C:\\Users\\Asif\\Desktop\\edtho\\server.js:154:36\n    at process.processTicksAndRejections (node:internal/process/task_queues:95:5)","timestamp":"2025-05-19 18:52:51"}
{"level":"error","message":"Error fetching note:","service":"notepad-app","stack":"Error\n    at cryptoDecrypt (C:\\Users\\Asif\\Desktop\\edtho\\utils\\cryptoValidator.js:31:11)\n    at C:\\Users\\Asif\\Desktop\\edtho\\server.js:154:36\n    at process.processTicksAndRejections (node:internal/process/task_queues:95:5)","timestamp":"2025-05-19 18:52:54"}
{"level":"error","message":"Error fetching note:","service":"notepad-app","stack":"Error\n    at cryptoDecrypt (C:\\Users\\Asif\\Desktop\\edtho\\utils\\cryptoValidator.js:31:11)\n    at C:\\Users\\Asif\\Desktop\\edtho\\server.js:154:36\n    at process.processTicksAndRejections (node:internal/process/task_queues:95:5)","timestamp":"2025-05-19 18:52:57"}
{"level":"error","message":"Error fetching note:","service":"notepad-app","stack":"Error\n    at cryptoDecrypt (C:\\Users\\Asif\\Desktop\\edtho\\utils\\cryptoValidator.js:31:11)\n    at C:\\Users\\Asif\\Desktop\\edtho\\server.js:154:36\n    at process.processTicksAndRejections (node:internal/process/task_queues:95:5)","timestamp":"2025-05-19 18:53:00"}
{"level":"error","message":"Error fetching note:","service":"notepad-app","stack":"Error\n    at cryptoDecrypt (C:\\Users\\Asif\\Desktop\\edtho\\utils\\cryptoValidator.js:31:11)\n    at C:\\Users\\Asif\\Desktop\\edtho\\server.js:154:36\n    at process.processTicksAndRejections (node:internal/process/task_queues:95:5)","timestamp":"2025-05-19 18:53:03"}
{"level":"error","message":"Error fetching note:","service":"notepad-app","stack":"Error\n    at cryptoDecrypt (C:\\Users\\Asif\\Desktop\\edtho\\utils\\cryptoValidator.js:31:11)\n    at C:\\Users\\Asif\\Desktop\\edtho\\server.js:154:36\n    at process.processTicksAndRejections (node:internal/process/task_queues:95:5)","timestamp":"2025-05-19 18:53:06"}
{"level":"error","message":"Error fetching note:","service":"notepad-app","stack":"Error\n    at cryptoDecrypt (C:\\Users\\Asif\\Desktop\\edtho\\utils\\cryptoValidator.js:31:11)\n    at C:\\Users\\Asif\\Desktop\\edtho\\server.js:154:36\n    at process.processTicksAndRejections (node:internal/process/task_queues:95:5)","timestamp":"2025-05-19 18:53:09"}
{"level":"error","message":"Error fetching note:","service":"notepad-app","stack":"Error\n    at cryptoDecrypt (C:\\Users\\Asif\\Desktop\\edtho\\utils\\cryptoValidator.js:31:11)\n    at C:\\Users\\Asif\\Desktop\\edtho\\server.js:154:36\n    at process.processTicksAndRejections (node:internal/process/task_queues:95:5)","timestamp":"2025-05-19 18:53:12"}
{"level":"error","message":"Error fetching note:","service":"notepad-app","stack":"Error\n    at cryptoDecrypt (C:\\Users\\Asif\\Desktop\\edtho\\utils\\cryptoValidator.js:31:11)\n    at C:\\Users\\Asif\\Desktop\\edtho\\server.js:154:36\n    at process.processTicksAndRejections (node:internal/process/task_queues:95:5)","timestamp":"2025-05-19 18:53:15"}
{"level":"error","message":"Error fetching note:","service":"notepad-app","stack":"Error\n    at cryptoDecrypt (C:\\Users\\Asif\\Desktop\\edtho\\utils\\cryptoValidator.js:31:11)\n    at C:\\Users\\Asif\\Desktop\\edtho\\server.js:154:36\n    at process.processTicksAndRejections (node:internal/process/task_queues:95:5)","timestamp":"2025-05-19 18:53:18"}
{"level":"error","message":"Error fetching note:","service":"notepad-app","stack":"Error\n    at cryptoDecrypt (C:\\Users\\Asif\\Desktop\\edtho\\utils\\cryptoValidator.js:31:11)\n    at C:\\Users\\Asif\\Desktop\\edtho\\server.js:154:36\n    at process.processTicksAndRejections (node:internal/process/task_queues:95:5)","timestamp":"2025-05-19 18:53:21"}
{"level":"error","message":"Error fetching note:","service":"notepad-app","stack":"Error\n    at cryptoDecrypt (C:\\Users\\Asif\\Desktop\\edtho\\utils\\cryptoValidator.js:31:11)\n    at C:\\Users\\Asif\\Desktop\\edtho\\server.js:154:36\n    at process.processTicksAndRejections (node:internal/process/task_queues:95:5)","timestamp":"2025-05-19 18:53:24"}
{"level":"error","message":"Error fetching note:","service":"notepad-app","stack":"Error\n    at cryptoDecrypt (C:\\Users\\Asif\\Desktop\\edtho\\utils\\cryptoValidator.js:31:11)\n    at C:\\Users\\Asif\\Desktop\\edtho\\server.js:154:36\n    at process.processTicksAndRejections (node:internal/process/task_queues:95:5)","timestamp":"2025-05-19 18:53:27"}
{"level":"error","message":"Error fetching note:","service":"notepad-app","stack":"Error\n    at cryptoDecrypt (C:\\Users\\Asif\\Desktop\\edtho\\utils\\cryptoValidator.js:31:11)\n    at C:\\Users\\Asif\\Desktop\\edtho\\server.js:154:36\n    at process.processTicksAndRejections (node:internal/process/task_queues:95:5)","timestamp":"2025-05-19 18:53:30"}
{"level":"error","message":"Error fetching note:","service":"notepad-app","stack":"Error\n    at cryptoDecrypt (C:\\Users\\Asif\\Desktop\\edtho\\utils\\cryptoValidator.js:31:11)\n    at C:\\Users\\Asif\\Desktop\\edtho\\server.js:154:36\n    at process.processTicksAndRejections (node:internal/process/task_queues:95:5)","timestamp":"2025-05-19 18:53:33"}
{"level":"error","message":"Error fetching note:","service":"notepad-app","stack":"Error\n    at cryptoDecrypt (C:\\Users\\Asif\\Desktop\\edtho\\utils\\cryptoValidator.js:31:11)\n    at C:\\Users\\Asif\\Desktop\\edtho\\server.js:154:36\n    at process.processTicksAndRejections (node:internal/process/task_queues:95:5)","timestamp":"2025-05-19 18:53:36"}
{"level":"error","message":"Error fetching note:","service":"notepad-app","stack":"Error\n    at cryptoDecrypt (C:\\Users\\Asif\\Desktop\\edtho\\utils\\cryptoValidator.js:31:11)\n    at C:\\Users\\Asif\\Desktop\\edtho\\server.js:154:36\n    at process.processTicksAndRejections (node:internal/process/task_queues:95:5)","timestamp":"2025-05-19 18:53:39"}
{"level":"error","message":"Error fetching note:","service":"notepad-app","stack":"Error\n    at cryptoDecrypt (C:\\Users\\Asif\\Desktop\\edtho\\utils\\cryptoValidator.js:31:11)\n    at C:\\Users\\Asif\\Desktop\\edtho\\server.js:154:36\n    at process.processTicksAndRejections (node:internal/process/task_queues:95:5)","timestamp":"2025-05-19 18:53:42"}
{"level":"error","message":"Error fetching note:","service":"notepad-app","stack":"Error\n    at cryptoDecrypt (C:\\Users\\Asif\\Desktop\\edtho\\utils\\cryptoValidator.js:31:11)\n    at C:\\Users\\Asif\\Desktop\\edtho\\server.js:154:36\n    at process.processTicksAndRejections (node:internal/process/task_queues:95:5)","timestamp":"2025-05-19 18:53:45"}
{"level":"error","message":"Error fetching note:","service":"notepad-app","stack":"Error\n    at cryptoDecrypt (C:\\Users\\Asif\\Desktop\\edtho\\utils\\cryptoValidator.js:31:11)\n    at C:\\Users\\Asif\\Desktop\\edtho\\server.js:154:36\n    at process.processTicksAndRejections (node:internal/process/task_queues:95:5)","timestamp":"2025-05-19 18:53:48"}
{"level":"info","message":"Server is running on port 3006","service":"notepad-app","timestamp":"2025-05-19 18:53:50"}
{"level":"info","message":"MongoDB Connected: ac-tsquoxi-shard-00-02.shlpbd1.mongodb.net","service":"notepad-app","timestamp":"2025-05-19 18:53:51"}
{"level":"error","message":"Error creating note: cryptoEncrypt is not defined","service":"notepad-app","stack":"ReferenceError: cryptoEncrypt is not defined\n    at C:\\Users\\Asif\\Desktop\\edtho\\server.js:104:30\n    at Layer.handle [as handle_request] (C:\\Users\\Asif\\Desktop\\edtho\\node_modules\\express\\lib\\router\\layer.js:95:5)\n    at next (C:\\Users\\Asif\\Desktop\\edtho\\node_modules\\express\\lib\\router\\route.js:149:13)\n    at Route.dispatch (C:\\Users\\Asif\\Desktop\\edtho\\node_modules\\express\\lib\\router\\route.js:119:3)\n    at Layer.handle [as handle_request] (C:\\Users\\Asif\\Desktop\\edtho\\node_modules\\express\\lib\\router\\layer.js:95:5)\n    at C:\\Users\\Asif\\Desktop\\edtho\\node_modules\\express\\lib\\router\\index.js:284:15\n    at Function.process_params (C:\\Users\\Asif\\Desktop\\edtho\\node_modules\\express\\lib\\router\\index.js:346:12)\n    at next (C:\\Users\\Asif\\Desktop\\edtho\\node_modules\\express\\lib\\router\\index.js:280:10)\n    at serveStatic (C:\\Users\\Asif\\Desktop\\edtho\\node_modules\\serve-static\\index.js:75:16)\n    at Layer.handle [as handle_request] (C:\\Users\\Asif\\Desktop\\edtho\\node_modules\\express\\lib\\router\\layer.js:95:5)","timestamp":"2025-05-19 18:53:51"}
{"level":"error","message":"Error creating note: cryptoEncrypt is not defined","service":"notepad-app","stack":"ReferenceError: cryptoEncrypt is not defined\n    at C:\\Users\\Asif\\Desktop\\edtho\\server.js:104:30\n    at Layer.handle [as handle_request] (C:\\Users\\Asif\\Desktop\\edtho\\node_modules\\express\\lib\\router\\layer.js:95:5)\n    at next (C:\\Users\\Asif\\Desktop\\edtho\\node_modules\\express\\lib\\router\\route.js:149:13)\n    at Route.dispatch (C:\\Users\\Asif\\Desktop\\edtho\\node_modules\\express\\lib\\router\\route.js:119:3)\n    at Layer.handle [as handle_request] (C:\\Users\\Asif\\Desktop\\edtho\\node_modules\\express\\lib\\router\\layer.js:95:5)\n    at C:\\Users\\Asif\\Desktop\\edtho\\node_modules\\express\\lib\\router\\index.js:284:15\n    at Function.process_params (C:\\Users\\Asif\\Desktop\\edtho\\node_modules\\express\\lib\\router\\index.js:346:12)\n    at next (C:\\Users\\Asif\\Desktop\\edtho\\node_modules\\express\\lib\\router\\index.js:280:10)\n    at serveStatic (C:\\Users\\Asif\\Desktop\\edtho\\node_modules\\serve-static\\index.js:75:16)\n    at Layer.handle [as handle_request] (C:\\Users\\Asif\\Desktop\\edtho\\node_modules\\express\\lib\\router\\layer.js:95:5)","timestamp":"2025-05-19 18:53:55"}
{"level":"error","message":"Error creating note: cryptoEncrypt is not defined","service":"notepad-app","stack":"ReferenceError: cryptoEncrypt is not defined\n    at C:\\Users\\Asif\\Desktop\\edtho\\server.js:104:30\n    at Layer.handle [as handle_request] (C:\\Users\\Asif\\Desktop\\edtho\\node_modules\\express\\lib\\router\\layer.js:95:5)\n    at next (C:\\Users\\Asif\\Desktop\\edtho\\node_modules\\express\\lib\\router\\route.js:149:13)\n    at Route.dispatch (C:\\Users\\Asif\\Desktop\\edtho\\node_modules\\express\\lib\\router\\route.js:119:3)\n    at Layer.handle [as handle_request] (C:\\Users\\Asif\\Desktop\\edtho\\node_modules\\express\\lib\\router\\layer.js:95:5)\n    at C:\\Users\\Asif\\Desktop\\edtho\\node_modules\\express\\lib\\router\\index.js:284:15\n    at Function.process_params (C:\\Users\\Asif\\Desktop\\edtho\\node_modules\\express\\lib\\router\\index.js:346:12)\n    at next (C:\\Users\\Asif\\Desktop\\edtho\\node_modules\\express\\lib\\router\\index.js:280:10)\n    at serveStatic (C:\\Users\\Asif\\Desktop\\edtho\\node_modules\\serve-static\\index.js:75:16)\n    at Layer.handle [as handle_request] (C:\\Users\\Asif\\Desktop\\edtho\\node_modules\\express\\lib\\router\\layer.js:95:5)","timestamp":"2025-05-19 18:53:57"}
{"level":"info","message":"Server is running on port 3006","service":"notepad-app","timestamp":"2025-05-19 18:54:32"}
{"level":"info","message":"MongoDB Connected: ac-tsquoxi-shard-00-02.shlpbd1.mongodb.net","service":"notepad-app","timestamp":"2025-05-19 18:54:33"}
{"level":"error","message":"Error creating note: encryptedContent is not defined","service":"notepad-app","stack":"ReferenceError: encryptedContent is not defined\n    at C:\\Users\\Asif\\Desktop\\edtho\\server.js:105:17\n    at Layer.handle [as handle_request] (C:\\Users\\Asif\\Desktop\\edtho\\node_modules\\express\\lib\\router\\layer.js:95:5)\n    at next (C:\\Users\\Asif\\Desktop\\edtho\\node_modules\\express\\lib\\router\\route.js:149:13)\n    at Route.dispatch (C:\\Users\\Asif\\Desktop\\edtho\\node_modules\\express\\lib\\router\\route.js:119:3)\n    at Layer.handle [as handle_request] (C:\\Users\\Asif\\Desktop\\edtho\\node_modules\\express\\lib\\router\\layer.js:95:5)\n    at C:\\Users\\Asif\\Desktop\\edtho\\node_modules\\express\\lib\\router\\index.js:284:15\n    at Function.process_params (C:\\Users\\Asif\\Desktop\\edtho\\node_modules\\express\\lib\\router\\index.js:346:12)\n    at next (C:\\Users\\Asif\\Desktop\\edtho\\node_modules\\express\\lib\\router\\index.js:280:10)\n    at serveStatic (C:\\Users\\Asif\\Desktop\\edtho\\node_modules\\serve-static\\index.js:75:16)\n    at Layer.handle [as handle_request] (C:\\Users\\Asif\\Desktop\\edtho\\node_modules\\express\\lib\\router\\layer.js:95:5)","timestamp":"2025-05-19 18:54:35"}
{"level":"error","message":"Error creating note: encryptedContent is not defined","service":"notepad-app","stack":"ReferenceError: encryptedContent is not defined\n    at C:\\Users\\Asif\\Desktop\\edtho\\server.js:105:17\n    at Layer.handle [as handle_request] (C:\\Users\\Asif\\Desktop\\edtho\\node_modules\\express\\lib\\router\\layer.js:95:5)\n    at next (C:\\Users\\Asif\\Desktop\\edtho\\node_modules\\express\\lib\\router\\route.js:149:13)\n    at Route.dispatch (C:\\Users\\Asif\\Desktop\\edtho\\node_modules\\express\\lib\\router\\route.js:119:3)\n    at Layer.handle [as handle_request] (C:\\Users\\Asif\\Desktop\\edtho\\node_modules\\express\\lib\\router\\layer.js:95:5)\n    at C:\\Users\\Asif\\Desktop\\edtho\\node_modules\\express\\lib\\router\\index.js:284:15\n    at Function.process_params (C:\\Users\\Asif\\Desktop\\edtho\\node_modules\\express\\lib\\router\\index.js:346:12)\n    at next (C:\\Users\\Asif\\Desktop\\edtho\\node_modules\\express\\lib\\router\\index.js:280:10)\n    at serveStatic (C:\\Users\\Asif\\Desktop\\edtho\\node_modules\\serve-static\\index.js:75:16)\n    at Layer.handle [as handle_request] (C:\\Users\\Asif\\Desktop\\edtho\\node_modules\\express\\lib\\router\\layer.js:95:5)","timestamp":"2025-05-19 18:54:38"}
{"level":"info","message":"Server is running on port 3006","service":"notepad-app","timestamp":"2025-05-19 18:54:53"}
{"code":"ESERVFAIL","hostname":"_mongodb._tcp.edutho.shlpbd1.mongodb.net","level":"error","message":"Error connecting to MongoDB: querySrv ESERVFAIL _mongodb._tcp.edutho.shlpbd1.mongodb.net","service":"notepad-app","stack":"Error: querySrv ESERVFAIL _mongodb._tcp.edutho.shlpbd1.mongodb.net\n    at QueryReqWrap.onresolve [as oncomplete] (node:internal/dns/promises:291:17)","syscall":"querySrv","timestamp":"2025-05-19 18:54:55"}
{"level":"info","message":"Server is running on port 3006","service":"notepad-app","timestamp":"2025-05-19 18:55:21"}
{"level":"info","message":"MongoDB Connected: ac-tsquoxi-shard-00-02.shlpbd1.mongodb.net","service":"notepad-app","timestamp":"2025-05-19 18:55:21"}
{"level":"info","message":"Server is running on port 3006","service":"notepad-app","timestamp":"2025-05-19 18:56:35"}
{"level":"info","message":"MongoDB Connected: ac-tsquoxi-shard-00-00.shlpbd1.mongodb.net","service":"notepad-app","timestamp":"2025-05-19 18:56:36"}
